<?xml version="1.0" encoding="UTF-8"?>
<testsuite xmlns:xsi="http://www.w3.org/2001/XMLSchema-instance" xsi:noNamespaceSchemaLocation="https://maven.apache.org/surefire/maven-surefire-plugin/xsd/surefire-test-report.xsd" version="3.0.2" name="com.example.verirag.VeriRagApplicationTests" time="1.403" tests="1" errors="0" skipped="0" failures="0" flakes="0">
  <properties>
[...]
</properties>
  <testcase name="contextLoads" classname="com.example.verirag.VeriRagApplicationTests" time="0.348">
    <system-out><![CDATA[17:01:13.845 [main] INFO org.springframework.test.context.support.AnnotationConfigContextLoaderUtils -- Could not detect default configuration classes for test class [com.example.verirag.VeriRagApplicationTests]: VeriRagApplicationTests does not declare any static, non-private, non-final, nested classes annotated with @Configuration.
17:01:13.892 [main] INFO org.springframework.boot.test.context.SpringBootTestContextBootstrapper -- Found @SpringBootConfiguration com.example.verirag.VeriRagApplication for test class com.example.verirag.VeriRagApplicationTests
17:01:13.936 [main] INFO org.springframework.test.context.support.AnnotationConfigContextLoaderUtils -- Could not detect default configuration classes for test class [com.example.verirag.VeriRagApplicationTests]: VeriRagApplicationTests does not declare any static, non-private, non-final, nested classes annotated with @Configuration.
17:01:13.937 [main] INFO org.springframework.boot.test.context.SpringBootTestContextBootstrapper -- Found @SpringBootConfiguration com.example.verirag.VeriRagApplication for test class com.example.verirag.VeriRagApplicationTests

  .   ____          _            __ _ _
 /\\ / ___'_ __ _ _(_)_ __  __ _ \ \ \ \
( ( )\___ | '_ | '_| | '_ \/ _` | \ \ \ \
 \\/  ___)| |_)| | | | | || (_| |  ) ) ) )
  '  |____| .__|_| |_|_| |_\__, | / / / /
 =========|_|==============|___/=/_/_/_/

 :: Spring Boot ::                (v4.1.0)

2026-07-22 17:01:14.138 &amp#27;[34mINFO &amp#27;[0;39m [main] &amp#27;[36mc.e.verirag.VeriRagApplicationTests&amp#27;[0;39m - Starting VeriRagApplicationTests using Java 21.0.11 with PID 18772 (started by li in /Users/li/IdeaProjects/veri-rag)
2026-07-22 17:01:14.139 &amp#27;[39mDEBUG&amp#27;[0;39m [main] &amp#27;[36mc.e.verirag.VeriRagApplicationTests&amp#27;[0;39m - Running with Spring Boot v4.1.0, Spring v7.0.8
2026-07-22 17:01:14.139 &amp#27;[34mINFO &amp#27;[0;39m [main] &amp#27;[36mc.e.verirag.VeriRagApplicationTests&amp#27;[0;39m - No active profile set, falling back to 1 default profile: "default"
2026-07-22 17:01:14.818 &amp#27;[34mINFO &amp#27;[0;39m [main] &amp#27;[36mc.e.verirag.VeriRagApplicationTests&amp#27;[0;39m - Started VeriRagApplicationTests in 0.859 seconds (process running for 1.332)
]]></system-out>
    <system-err><![CDATA[Mockito is currently self-attaching to enable the inline-mock-maker. This will no longer work in future releases of the JDK. Please add Mockito as an agent to your build as described in Mockito's documentation: https://javadoc.io/doc/org.mockito/mockito-core/latest/org.mockito/org/mockito/Mockito.html#0.3
WARNING: A Java agent has been loaded dynamically (/Users/li/.m2/repository/net/bytebuddy/byte-buddy-agent/1.18.10/byte-buddy-agent-1.18.10.jar)
WARNING: If a serviceability tool is in use, please run with -XX:+EnableDynamicAgentLoading to hide this warning
WARNING: If a serviceability tool is not in use, please run with -Djdk.instrument.traceUsage for more information
WARNING: Dynamic loading of agents will be disallowed by default in a future release
]]></system-err>
  </testcase>
</testsuite>